build/app/outputs/mapping/release/seeds.txt
com.example.inovolatask.MainActivity: MainActivity()
com.example.inovolatask.MainActivity
...
io.flutter.plugin.editing.ImeSyncDeferringInsetsCallback$AnimationCallback: ImeSyncDeferringInsetsCallback$AnimationCallback(io.flutter.plugin.editing.ImeSyncDeferringInsetsCallback)
io.flutter.embedding.engine.systemchannels.PlatformChannel$DeviceOrientation: io.flutter.embedding.engine.systemchannels.PlatformChannel$DeviceOrientation[] values()
io.flutter.embedding.engine.FlutterJNI: void ensureRunningOnMainThread()
io.flutter.embedding.engine.renderer.SurfaceTextureWrapper: void detachFromGLContext()
io.flutter.embedding.engine.FlutterJNI: void onRenderingStopped()
io.flutter.embedding.engine.systemchannels.PlatformChannel$HapticFeedbackType: io.flutter.embedding.engine.systemchannels.PlatformChannel$HapticFeedbackType valueOf(java.lang.String)
io.flutter.view.AccessibilityViewEmbedder: void setFlutterNodeParent(android.view.accessibility.AccessibilityNodeInfo,android.view.View,android.view.accessibility.AccessibilityNodeInfo)
io.flutter.plugins.GeneratedPluginRegistrant: java.lang.String TAG
io.flutter.embedding.engine.systemchannels.PlatformChannel$SystemUiOverlay: io.flutter.embedding.engine.systemchannels.PlatformChannel$SystemUiOverlay[] values()
io.flutter.embedding.android.FlutterSplashView$SavedState: java.lang.String access$600(io.flutter.embedding.android.FlutterSplashView$SavedState)
androidx.lifecycle.CompositeGeneratedAdaptersObserver
io.flutter.embedding.engine.FlutterJNI: void nativeDestroy(long)
io.flutter.embedding.android.FlutterSplashView$SavedState
io.flutter.embedding.android.FlutterSplashView$SavedState: android.os.Bundle splashScreenState
androidx.lifecycle.ReportFragment$LifecycleCallbacks: void onActivityPostResumed(android.app.Activity)
androidx.lifecycle.Lifecycle$Event: androidx.lifecycle.Lifecycle$Event[] $VALUES
android.support.v4.graphics.drawable.IconCompatParcelizer: void write(androidx.core.graphics.drawable.IconCompat,androidx.versionedparcelable.VersionedParcel)
io.flutter.embedding.engine.FlutterJNI: void handlePlatformMessage(java.lang.String,java.nio.ByteBuffer,int,long)
io.flutter.embedding.engine.FlutterJNI: void destroyOverlaySurfaces()
com.google.android.gms.common.internal.ReflectedParcelable
io.flutter.embedding.engine.renderer.SurfaceTextureWrapper: boolean released
io.flutter.embedding.android.FlutterImageView$SurfaceKind: io.flutter.embedding.android.FlutterImageView$SurfaceKind[] values()
io.flutter.embedding.android.FlutterSplashView$SavedState: FlutterSplashView$SavedState(android.os.Parcel)
com.google.android.gms.common.internal.zav: android.os.Parcelable$Creator CREATOR
io.flutter.plugin.editing.ImeSyncDeferringInsetsCallback: int overlayInsetTypes
com.google.android.gms.common.api.Scope: android.os.Parcelable$Creator CREATOR
com.lyokone.location.FlutterLocationService: FlutterLocationService()
io.flutter.view.AccessibilityBridge$Action: io.flutter.view.AccessibilityBridge$Action valueOf(java.lang.String)
io.flutter.plugin.editing.TextInputPlugin$InputTarget$Type: io.flutter.plugin.editing.TextInputPlugin$InputTarget$Type valueOf(java.lang.String)
com.google.android.gms.maps.model.LatLng: android.os.Parcelable$Creator CREATOR
io.flutter.embedding.engine.FlutterJNI: void setPlatformMessageHandler(io.flutter.embedding.engine.dart.PlatformMessageHandler)
io.flutter.plugin.editing.ImeSyncDeferringInsetsCallback: boolean needsSave
io.flutter.embedding.engine.FlutterJNI: void addIsDisplayingFlutterUiListener(io.flutter.embedding.engine.renderer.FlutterUiDisplayListener)
io.flutter.view.AccessibilityViewEmbedder: AccessibilityViewEmbedder(android.view.View,int)
androidx.lifecycle.Lifecycle$State: androidx.lifecycle.Lifecycle$State[] values()
io.flutter.embedding.engine.mutatorsstack.FlutterMutatorsStack
io.flutter.view.AccessibilityViewEmbedder: android.view.accessibility.AccessibilityNodeInfo createAccessibilityNodeInfo(int)
androidx.lifecycle.ReportFragment$LifecycleCallbacks: void onActivityResumed(android.app.Activity)