build/app/outputs/mapping/release/mapping.txt
# compiler: R8
# compiler_version: 2.1.62
# min_api: 20
# pg_map_id: ceb6641
# common_typos_disable
...
com.google.android.gms.common.internal.zzq -> com.google.android.gms.common.internal.m1:
    com.google.android.gms.common.internal.zzr zza -> a
com.google.android.gms.common.internal.zzr -> com.google.android.gms.common.internal.n1:
    long zzh -> l
    com.google.android.gms.common.stats.ConnectionTracker zzf -> j
    long zzg -> k
    com.google.android.gms.common.internal.zzq zze -> i
    java.util.HashMap zzb -> f
    android.content.Context zzc -> g
    android.os.Handler zzd -> h
    void zza(com.google.android.gms.common.internal.zzn,android.content.ServiceConnection,java.lang.String) -> d
    boolean zzc(com.google.android.gms.common.internal.zzn,android.content.ServiceConnection,java.lang.String,java.util.concurrent.Executor) -> f
    long zzd(com.google.android.gms.common.internal.zzr) -> g
    android.content.Context zze(com.google.android.gms.common.internal.zzr) -> h
    android.os.Handler zzf(com.google.android.gms.common.internal.zzr) -> i
    com.google.android.gms.common.stats.ConnectionTracker zzg(com.google.android.gms.common.internal.zzr) -> j
    java.util.HashMap zzh(com.google.android.gms.common.internal.zzr) -> k
com.google.android.gms.common.internal.zzs -> com.google.android.gms.common.internal.o1:
com.google.android.gms.common.internal.zzt -> com.google.android.gms.common.internal.p1:
    android.net.Uri zza -> a
    android.content.Intent zza() -> a
    android.content.Intent zzb(java.lang.String,java.lang.String) -> b
    android.content.Intent zzc(java.lang.String) -> c
com.google.android.gms.common.internal.zzu -> com.google.android.gms.common.internal.q1:
    java.lang.String zza -> a
    java.lang.String zzb -> b
    int zzc -> c
    boolean zzd -> d
    int zza() -> a
    java.lang.String zzb() -> b
    java.lang.String zzc() -> c
    boolean zzd() -> d
com.google.android.gms.common.internal.zzv -> com.google.android.gms.common.internal.r1:
    android.accounts.Account zzb() -> a
com.google.android.gms.common.internal.zzy -> com.google.android.gms.common.internal.s1:
    boolean zza(int,android.os.Parcel,android.os.Parcel,int) -> r
com.google.android.gms.common.internal.zzz -> com.google.android.gms.common.internal.t1:
    int zzc() -> K
    com.google.android.gms.dynamic.IObjectWrapper zzd() -> b
com.google.android.gms.common.stats.ConnectionTracker -> com.google.android.gms.common.l.a:
    java.util.concurrent.ConcurrentHashMap zza -> a
    java.lang.Object zzb -> b
    com.google.android.gms.common.stats.ConnectionTracker zzc -> c
    com.google.android.gms.common.stats.ConnectionTracker getInstance() -> a
    void unbindService(android.content.Context,android.content.ServiceConnection) -> b
    boolean zza(android.content.Context,java.lang.String,android.content.Intent,android.content.ServiceConnection,int,java.util.concurrent.Executor) -> c
    void zzb(android.content.Context,android.content.ServiceConnection) -> d
    boolean zzc(android.content.Context,java.lang.String,android.content.Intent,android.content.ServiceConnection,int,boolean,java.util.concurrent.Executor) -> e
    boolean zzd(android.content.ServiceConnection) -> f
    boolean zze(android.content.Context,android.content.Intent,android.content.ServiceConnection,int,java.util.concurrent.Executor) -> g
com.google.android.gms.common.util.ArrayUtils -> com.google.android.gms.common.util.a:
    boolean contains(int[],int) -> a
    boolean contains(java.lang.Object[],java.lang.Object) -> b
com.google.android.gms.common.util.Clock -> com.google.android.gms.common.util.b:
com.google.android.gms.common.util.CrashUtils -> com.google.android.gms.common.util.c:
    boolean addDynamiteErrorToDropBox(android.content.Context,java.lang.Throwable) -> a
com.google.android.gms.common.util.DefaultClock -> com.google.android.gms.common.util.d:
    com.google.android.gms.common.util.DefaultClock zza -> a
    com.google.android.gms.common.util.Clock getInstance() -> a