build/app/outputs/mapping/release/usage.txt
com.example.inovolatask.BuildConfig
com.example.inovolatask.R$layout
com.example.inovolatask.R$style
com.example.inovolatask.R$styleable
com.example.inovolatask.R$integer
com.example.inovolatask.R$color
com.example.inovolatask.R$string
com.example.inovolatask.R
com.example.inovolatask.R$id
com.example.inovolatask.R$mipmap
com.example.inovolatask.R$drawable
com.example.inovolatask.R$dimen
com.example.inovolatask.R$attr
...
com.google.common.cache.ForwardingLoadingCache$SimpleForwardingLoadingCache
com.google.common.hash.AbstractCompositeHashFunction
androidx.core.os.LocaleListCompat:
    public static androidx.core.os.LocaleListCompat wrap(java.lang.Object)
    public static androidx.core.os.LocaleListCompat getEmptyLocaleList()
    public static androidx.core.os.LocaleListCompat forLanguageTags(java.lang.String)
    public static androidx.core.os.LocaleListCompat getAdjustedDefault()
    public static androidx.core.os.LocaleListCompat getDefault()
    public java.lang.Object unwrap()
    public boolean isEmpty()
    public int size()
    public int indexOf(java.util.Locale)
    public java.lang.String toLanguageTags()
    public java.util.Locale getFirstMatch(java.lang.String[])
com.google.common.collect.Multimaps$UnmodifiableMultimap
com.google.common.collect.AllEqualOrdering
androidx.core.view.ViewCompat$UnhandledKeyEventManager:
    static void registerListeningView(android.view.View)
    static void unregisterListeningView(android.view.View)
kotlin.contracts.ReturnsNotNull
com.google.common.collect.StandardTable$ColumnMap$ColumnMapValues
com.google.android.gms.security.ProviderInstaller
com.google.android.gms.common.api.internal.zaag:
    public final com.google.android.gms.common.ConnectionResult blockingConnect()
    public final com.google.android.gms.common.ConnectionResult blockingConnect(long,java.util.concurrent.TimeUnit)
    public final com.google.android.gms.common.ConnectionResult getConnectionResult(com.google.android.gms.common.api.Api)
    public final com.google.android.gms.common.api.PendingResult clearDefaultAccountAndReconnect()
    public final void connect()
    public final void disconnect()
    public final void dump(java.lang.String,java.io.FileDescriptor,java.io.PrintWriter,java.lang.String[])
    public final void reconnect()
    public final void registerConnectionCallbacks(com.google.android.gms.common.api.GoogleApiClient$ConnectionCallbacks)
    public final void registerConnectionFailedListener(com.google.android.gms.common.api.GoogleApiClient$OnConnectionFailedListener)
    public final void stopAutoManage(androidx.fragment.app.FragmentActivity)
    public final void unregisterConnectionCallbacks(com.google.android.gms.common.api.GoogleApiClient$ConnectionCallbacks)
    public final void unregisterConnectionFailedListener(com.google.android.gms.common.api.GoogleApiClient$OnConnectionFailedListener)
    public final boolean hasConnectedApi(com.google.android.gms.common.api.Api)
    public final boolean isConnected()
    public final boolean isConnecting()
androidx.annotation.AnyRes
com.google.common.collect.LinkedHashMultimap$1
com.google.common.collect.MapMakerInternalMap$KeySet
com.google.common.hash.HashCode$IntHashCode
com.google.common.graph.MultiEdgesConnecting
com.google.android.gms.common.api.internal.BaseImplementation
kotlin.coroutines.intrinsics.IntrinsicsKt__IntrinsicsJvmKt$createCoroutineUnintercepted$$inlined$createCoroutineFromSuspendFunction$IntrinsicsKt__IntrinsicsJvmKt$4
android.support.v4.app.INotificationSideChannel$Stub:
    public void <init>()
    public static boolean setDefaultImpl(android.support.v4.app.INotificationSideChannel)
    public android.os.IBinder asBinder()
    public boolean onTransact(int,android.os.Parcel,android.os.Parcel,int)
    private static final java.lang.String DESCRIPTOR
    static final int TRANSACTION_notify
    static final int TRANSACTION_cancel
    static final int TRANSACTION_cancelAll
androidx.core.app.JobIntentService$JobServiceEngineImpl
kotlin.jvm.internal.Ref$ByteRef
com.google.common.hash.Hashing$Md5Holder
androidx.core.text.SpannedStringKt
androidx.core.app.BundleCompat
kotlin.text.StringsKt__StringBuilderKt
com.google.common.graph.ImmutableNetwork
com.google.android.gms.internal.location.zzi
com.google.common.hash.AbstractNonStreamingHashFunction$BufferingHasher
androidx.loader.content.CursorLoader
androidx.core.app.NavUtils